<?xml version="1.0" encoding="UTF-8"?>
<!-- Generated by org.testng.reporters.JUnitReportReporter -->
<testsuite hostname="LCO-2ZKW4M3" failures="0" tests="1" name="seccion17.PS1" time="0.022" errors="0" timestamp="2023-11-03T20:47:52 COT" skipped="0">
  <testcase classname="seccion17.PS1" name="testRun" time="0.022"/>
</testsuite> <!-- seccion17.PS1 -->
