<?xml version="1.0" encoding="UTF-8"?>
<!-- Generated by org.testng.reporters.JUnitReportReporter -->
<testsuite hostname="LCO-2ZKW4M3" failures="0" tests="2" name="rahultshettyacademy.test.SubmitOrderTest" time="39.275" errors="0" timestamp="2023-11-10T12:07:53 COT" skipped="0">
  <testcase classname="rahultshettyacademy.test.SubmitOrderTest" name="OrderHistoryTest" time="28.085"/>
  <testcase classname="rahultshettyacademy.test.SubmitOrderTest" name="submitOrder" time="11.190"/>
</testsuite> <!-- rahultshettyacademy.test.SubmitOrderTest -->
