<?xml version="1.0" encoding="UTF-8"?>
<!-- Generated by org.testng.reporters.JUnitReportReporter -->
<testsuite hostname="LCO-PF25Q7P7" failures="0" tests="2" name="Sesion14.V116TestIng" time="0.022" errors="0" timestamp="2023-11-01T18:34:47 COT" skipped="0">
  <testcase classname="Sesion14.V116TestIng" name="regular" time="0.016"/>
  <testcase classname="Sesion14.V116TestIng" name="streamFilter" time="0.006"/>
</testsuite> <!-- Sesion14.V116TestIng -->
