<?xml version="1.0" encoding="UTF-8"?>
<!-- Generated by org.testng.reporters.JUnitReportReporter -->
<testsuite hostname="LCO-2ZKW4M3" failures="0" tests="1" name="Seccion16.V131RunningTestcasesInTestNG" time="0.011" errors="0" timestamp="2023-11-01T21:22:33 COT" skipped="0">
  <testcase classname="Seccion16.V131RunningTestcasesInTestNG" name="DemoUno" time="0.011"/>
  <system-out/>
</testsuite> <!-- Seccion16.V131RunningTestcasesInTestNG -->
