<?xml version="1.0" encoding="UTF-8"?>
<!-- Generated by org.testng.reporters.JUnitReportReporter -->
<testsuite hostname="LCO-2ZKW4M3" failures="0" tests="5" name="Seccion16.V135ExecutingTestCasesAtPackageLevelWregex" time="0.003" errors="0" timestamp="2023-11-01T17:02:26 COT" skipped="0">
  <testcase classname="Seccion16.V135ExecutingTestCasesAtPackageLevelWregex" name="MobileSingoutCarLoan" time="0.000"/>
  <system-out/>
  <testcase classname="Seccion16.V135ExecutingTestCasesAtPackageLevelWregex" name="MobileLogoutCarLoan" time="0.001"/>
  <system-out/>
  <testcase classname="Seccion16.V135ExecutingTestCasesAtPackageLevelWregex" name="MobileLoadingCarLoan" time="0.001"/>
  <system-out/>
  <testcase classname="Seccion16.V135ExecutingTestCasesAtPackageLevelWregex" name="MobileSigninCarLoan" time="0.000"/>
  <system-out/>
  <testcase classname="Seccion16.V135ExecutingTestCasesAtPackageLevelWregex" name="MobileLoginCarLoanHome" time="0.001"/>
  <system-out/>
</testsuite> <!-- Seccion16.V135ExecutingTestCasesAtPackageLevelWregex -->
