<?xml version="1.0" encoding="UTF-8"?>
<!-- Generated by org.testng.reporters.JUnitReportReporter -->
<testsuite hostname="LCO-2ZKW4M3" failures="0" tests="3" name="Seccion16.V133PrioritizingTestCasesWithTestNg" time="0.003" errors="0" timestamp="2023-11-01T21:19:32 COT" skipped="0">
  <testcase classname="Seccion16.V133PrioritizingTestCasesWithTestNg" name="LoginAPIcarLoan" time="0.002"/>
  <system-out/>
  <testcase classname="Seccion16.V133PrioritizingTestCasesWithTestNg" name="WebLoginCarLoan" time="0.001"/>
  <system-out/>
  <testcase classname="Seccion16.V133PrioritizingTestCasesWithTestNg" name="MobileLoginCarLoan" time="0.000"/>
  <system-out/>
</testsuite> <!-- Seccion16.V133PrioritizingTestCasesWithTestNg -->
