<?xml version="1.0" encoding="UTF-8"?>
<!-- Generated by org.testng.reporters.JUnitReportReporter -->
<testsuite hostname="LCO-2ZKW4M3" failures="0" tests="5" name="Seccion16.V139AnnotationsHelpers" time="0.024" errors="0" timestamp="2023-11-03T17:44:34 COT" skipped="1">
  <testcase classname="Seccion16.V139AnnotationsHelpers" name="MobilesignoutboatLoan" time="0.019"/>
  <system-out/>
  <testcase classname="Seccion16.V139AnnotationsHelpers" name="WebloginBoatLoan" time="0.001"/>
  <system-out/>
  <testcase classname="Seccion16.V139AnnotationsHelpers" name="mparametro" time="0.002"/>
  <system-out/>
  <testcase classname="Seccion16.V139AnnotationsHelpers" name="APIboatLoan" time="0.002"/>
  <system-out/>
  <testcase classname="Seccion16.V139AnnotationsHelpers" name="metodoEnabled">
    <skipped/>
  </testcase> <!-- metodoEnabled -->
  <system-out/>
</testsuite> <!-- Seccion16.V139AnnotationsHelpers -->
