<?xml version="1.0" encoding="UTF-8"?>
<!-- Generated by org.testng.reporters.JUnitReportReporter -->
<testsuite hostname="LCO-2ZKW4M3" failures="0" tests="2" name="Seccion16.V138GroupsFuncionalityInTestNg" time="0.004" errors="0" timestamp="2023-11-01T22:09:22 COT" skipped="0">
  <testcase classname="Seccion16.V138GroupsFuncionalityInTestNg" name="ploanV" time="0.002"/>
  <system-out/>
  <testcase classname="Seccion16.V138GroupsFuncionalityInTestNg" name="MobileLogincarLoanEnGrupov" time="0.002"/>
  <system-out/>
</testsuite> <!-- Seccion16.V138GroupsFuncionalityInTestNg -->
