<?xml version="1.0" encoding="UTF-8"?>
<!-- Generated by org.testng.reporters.JUnitReportReporter -->
<testsuite hostname="LCO-2ZKW4M3" failures="0" tests="1" name="Seccion16.V136TestngAnnotationsParte1" time="0.002" errors="0" timestamp="2023-11-01T21:19:32 COT" skipped="0">
  <testcase classname="Seccion16.V136TestngAnnotationsParte1" name="ploan" time="0.002"/>
  <system-out/>
</testsuite> <!-- Seccion16.V136TestngAnnotationsParte1 -->
