<?xml version="1.0" encoding="UTF-8"?>
<!-- Generated by org.testng.reporters.JUnitReportReporter -->
<testsuite hostname="LCO-2ZKW4M3" failures="0" tests="1" name="Seccion16.V141DataProviderAnnotation" time="0.009" errors="0" timestamp="2023-11-03T13:11:13 COT" skipped="0">
  <testcase classname="Seccion16.V141DataProviderAnnotation" name="Wvideo" time="0.009"/>
  <system-out/>
</testsuite> <!-- Seccion16.V141DataProviderAnnotation -->
