<?xml version="1.0" encoding="UTF-8"?>
<!-- Generated by org.testng.reporters.JUnitReportReporter -->
<testsuite hostname="LCO-2ZKW4M3" failures="0" tests="1" name="Seccion16.V132ImportanceXmlFileInTestingConfig" time="0.021" errors="0" timestamp="2023-11-03T12:26:06 COT" skipped="0">
  <testcase classname="Seccion16.V132ImportanceXmlFileInTestingConfig" name="Demito" time="0.021"/>
  <system-out/>
</testsuite> <!-- Seccion16.V132ImportanceXmlFileInTestingConfig -->
