<?xml version="1.0" encoding="UTF-8"?>
<!-- Generated by org.testng.reporters.JUnitReportReporter -->
<testsuite hostname="LCO-2ZKW4M3" failures="0" tests="1" name="Seccion16.day2" time="0.001" errors="0" timestamp="2023-11-03T16:22:57 COT" skipped="0">
  <testcase classname="Seccion16.day2" name="ploan" time="0.001"/>
  <system-out/>
</testsuite> <!-- Seccion16.day2 -->
