<?xml version="1.0" encoding="UTF-8"?>
<!-- Generated by org.testng.reporters.JUnitReportReporter -->
<testsuite hostname="LCO-2ZKW4M3" failures="0" tests="2" name="Seccion16.day3" time="0.002" errors="0" timestamp="2023-11-03T16:22:57 COT" skipped="1">
  <testcase classname="Seccion16.day3" name="MobileLogincarLoan" time="0.002"/>
  <system-out/>
  <testcase classname="Seccion16.day3" name="MobilesignimcarLoan">
    <skipped/>
  </testcase> <!-- MobilesignimcarLoan -->
  <system-out/>
</testsuite> <!-- Seccion16.day3 -->
