<?xml version="1.0" encoding="UTF-8"?>
<!-- Generated by org.testng.reporters.JUnitReportReporter -->
<testsuite hostname="LCO-2ZKW4M3" failures="0" tests="4" name="Seccion16.V142DataProviderAnnotationParteDos" time="0.019" errors="0" timestamp="2023-11-03T17:44:34 COT" skipped="0">
  <testcase classname="Seccion16.V142DataProviderAnnotationParteDos" name="APIcarLoan" time="0.001"/>
  <system-out/>
  <testcase classname="Seccion16.V142DataProviderAnnotationParteDos" name="MobilesignoutcarLoan" time="0.001"/>
  <system-out/>
  <testcase classname="Seccion16.V142DataProviderAnnotationParteDos" name="MobilesignoutcarLoan" time="0.015"/>
  <system-out/>
  <testcase classname="Seccion16.V142DataProviderAnnotationParteDos" name="MobilesignoutcarLoan" time="0.002"/>
  <system-out/>
</testsuite> <!-- Seccion16.V142DataProviderAnnotationParteDos -->
