<?xml version="1.0" encoding="UTF-8"?>
<!-- Generated by org.testng.reporters.JUnitReportReporter -->
<testsuite hostname="LCO-2ZKW4M3" failures="0" tests="1" name="Seccion16.V140ParameterisingFromTestngXmlFile" time="0.009" errors="0" timestamp="2023-11-03T12:56:25 COT" skipped="0">
  <testcase classname="Seccion16.V140ParameterisingFromTestngXmlFile" name="mparametro" time="0.009"/>
  <system-out/>
</testsuite> <!-- Seccion16.V140ParameterisingFromTestngXmlFile -->
