<?xml version="1.0" encoding="UTF-8"?>
<!-- Generated by org.testng.reporters.JUnitReportReporter -->
<testsuite hostname="LCO-2ZKW4M3" failures="0" tests="4" name="Seccion16.V137TestngAnnotationsParte2" time="0.006" errors="0" timestamp="2023-11-01T21:19:32 COT" skipped="0">
  <testcase classname="Seccion16.V137TestngAnnotationsParte2" name="prueba2" time="0.000"/>
  <system-out/>
  <testcase classname="Seccion16.V137TestngAnnotationsParte2" name="prueba3" time="0.002"/>
  <system-out/>
  <testcase classname="Seccion16.V137TestngAnnotationsParte2" name="prueba1" time="0.004"/>
  <system-out/>
  <testcase classname="Seccion16.V137TestngAnnotationsParte2" name="pruebabf" time="0.000"/>
  <system-out/>
</testsuite> <!-- Seccion16.V137TestngAnnotationsParte2 -->
