<?xml version="1.0" encoding="UTF-8"?>
<!-- Generated by org.testng.reporters.JUnitReportReporter -->
<testsuite hostname="LCO-PF25Q7P7" failures="0" tests="2" name="Sesion16.day4" time="0.002" errors="0" timestamp="2023-11-03T09:12:45 COT" skipped="0">
  <testcase classname="Sesion16.day4" name="MobileLoginhome" time="0.001"/>
  <system-out/>
  <testcase classname="Sesion16.day4" name="LoginAPIHomecar" time="0.001"/>
  <system-out/>
</testsuite> <!-- Sesion16.day4 -->
