<?xml version="1.0" encoding="UTF-8"?>
<!-- Generated by org.testng.reporters.JUnitReportReporter -->
<testsuite hostname="LCO-PF25Q7P7" failures="0" tests="2" name="Sesion16.V131" time="0.017" errors="0" timestamp="2023-11-01T22:43:52 COT" skipped="0">
  <testcase classname="Sesion16.V131" name="demo" time="0.016"/>
  <system-out/>
  <testcase classname="Sesion16.V131" name="secondTest" time="0.001"/>
  <system-out/>
</testsuite> <!-- Sesion16.V131 -->
