<?xml version="1.0" encoding="UTF-8"?>
<!-- Generated by org.testng.reporters.JUnitReportReporter -->
<testsuite hostname="LCO-PF25Q7P7" failures="0" tests="1" name="Sesion16.day2" time="0.002" errors="0" timestamp="2023-11-03T09:12:45 COT" skipped="0">
  <testcase classname="Sesion16.day2" name="prueba3" time="0.002"/>
  <system-out/>
</testsuite> <!-- Sesion16.day2 -->
