<?xml version="1.0" encoding="UTF-8"?>
<!-- Generated by org.testng.reporters.JUnitReportReporter -->
<testsuite hostname="LCO-PF25Q7P7" failures="0" tests="3" name="Sesion16.V133" time="0.004" errors="0" timestamp="2023-11-01T22:43:52 COT" skipped="0">
  <testcase classname="Sesion16.V133" name="MobileLoginhome" time="0.001"/>
  <system-out/>
  <testcase classname="Sesion16.V133" name="webloginhome" time="0.001"/>
  <system-out/>
  <testcase classname="Sesion16.V133" name="LoginAPIHomecar" time="0.002"/>
  <system-out/>
</testsuite> <!-- Sesion16.V133 -->
