<?xml version="1.0" encoding="UTF-8"?>
<!-- Generated by org.testng.reporters.JUnitReportReporter -->
<testsuite hostname="LCO-PF25Q7P7" failures="0" tests="11" name="Sesion16.day3" time="0.016" errors="0" timestamp="2023-11-03T10:53:19 COT" skipped="1">
  <testcase classname="Sesion16.day3" name="weblogincartLoart" time="0.001"/>
  <system-out/>
  <testcase classname="Sesion16.day3" name="MobileSingOutLoad" time="0.002"/>
  <system-out/>
  <testcase classname="Sesion16.day3" name="APICarLoan" time="0.001"/>
  <system-out/>
  <testcase classname="Sesion16.day3" name="MobileLogincarLoan" time="0.004"/>
  <system-out/>
  <testcase classname="Sesion16.day3" name="LoginAPIHomecarLoan" time="0.002"/>
  <system-out/>
  <testcase classname="Sesion16.day3" name="rapido" time="0.001"/>
  <system-out/>
  <testcase classname="Sesion16.day3" name="weblogincar" time="0.001"/>
  <system-out/>
  <testcase classname="Sesion16.day3" name="MobileSingOutCarLoan" time="0.001"/>
  <system-out/>
  <testcase classname="Sesion16.day3" name="MobileSingOutCarLoan" time="0.002"/>
  <system-out/>
  <testcase classname="Sesion16.day3" name="MobileSingOutCarLoan" time="0.001"/>
  <system-out/>
  <testcase classname="Sesion16.day3" name="MobileSibgInLoan">
    <skipped/>
  </testcase> <!-- MobileSibgInLoan -->
  <system-out/>
</testsuite> <!-- Sesion16.day3 -->
