<?xml version="1.0" encoding="UTF-8"?>
<!-- Generated by org.testng.reporters.JUnitReportReporter -->
<testsuite hostname="LCO-2ZKW4M3" failures="0" tests="1" name="rahultshettyacademy.test.ErrorValidations" time="21.219" errors="0" timestamp="2023-11-09T14:57:30 COT" skipped="0">
  <testcase classname="rahultshettyacademy.test.ErrorValidations" name="submitOrder" time="21.219"/>
</testsuite> <!-- rahultshettyacademy.test.ErrorValidations -->
