<?xml version="1.0" encoding="UTF-8"?>
<!-- Generated by org.testng.reporters.JUnitReportReporter -->
<testsuite hostname="LCO-2ZKW4M3" failures="0" tests="2" name="rahultshettyacademy.test.ErrorValidationsTest" time="37.956" errors="0" timestamp="2023-11-10T12:07:53 COT" skipped="0">
  <testcase classname="rahultshettyacademy.test.ErrorValidationsTest" name="LoginErrorValidation" time="27.316"/>
  <testcase classname="rahultshettyacademy.test.ErrorValidationsTest" name="ProductErrorValidation" time="10.640"/>
</testsuite> <!-- rahultshettyacademy.test.ErrorValidationsTest -->
