<?xml version="1.0" encoding="UTF-8"?>
<!-- Generated by org.testng.reporters.JUnitReportReporter -->
<testsuite hostname="LCO-2ZKW4M3" failures="0" tests="2" name="rahultshettyacademy.test.SubmitOrderTest" time="40.123" errors="0" timestamp="2023-11-24T17:07:17 COT" skipped="0">
  <testcase classname="rahultshettyacademy.test.SubmitOrderTest" name="submitOrder" time="12.707"/>
  <testcase classname="rahultshettyacademy.test.SubmitOrderTest" name="submitOrder" time="27.416"/>
</testsuite> <!-- rahultshettyacademy.test.SubmitOrderTest -->
