<?xml version="1.0" encoding="UTF-8"?>
<!-- Generated by org.testng.reporters.JUnitReportReporter -->
<testsuite hostname="LCO-2ZKW4M3" failures="0" tests="6" name="challenge3.PaginaLeaveTest" time="22.286" errors="0" timestamp="2023-11-29T15:49:21 COT" skipped="0">
  <testcase classname="challenge3.PaginaLeaveTest" name="testCreateLeavePeriod" time="2.807"/>
  <testcase classname="challenge3.PaginaLeaveTest" name="testAddEntitlementIndivual" time="4.924"/>
  <testcase classname="challenge3.PaginaLeaveTest" name="testAddEntitlementMultiple" time="8.981"/>
  <testcase classname="challenge3.PaginaLeaveTest" name="testAprobarVac" time="2.159"/>
  <testcase classname="challenge3.PaginaLeaveTest" name="testRejectVac" time="2.168"/>
  <testcase classname="challenge3.PaginaLeaveTest" name="testbuscarVac" time="1.247"/>
</testsuite> <!-- challenge3.PaginaLeaveTest -->
