<?xml version="1.0" encoding="UTF-8"?>
<!-- Generated by org.testng.reporters.JUnitReportReporter -->
<testsuite hostname="LCO-2ZKW4M3" failures="0" tests="3" name="challenge3.PaginaTimeTest" time="31.766" errors="0" timestamp="2023-11-29T16:02:39 COT" skipped="0">
  <testcase classname="challenge3.PaginaTimeTest" name="testEliminarRegistroHorasProyecto" time="4.962"/>
  <testcase classname="challenge3.PaginaTimeTest" name="testIngresarHorasTrabajadas" time="24.074"/>
  <testcase classname="challenge3.PaginaTimeTest" name="testBuscarHorasTrabajo" time="2.730"/>
</testsuite> <!-- challenge3.PaginaTimeTest -->
