<?xml version="1.0" encoding="UTF-8"?>
<!-- Generated by org.testng.reporters.JUnitReportReporter -->
<testsuite hostname="LCO-2ZKW4M3" failures="0" tests="4" name="challenge3.PaginaPIMTest" time="13.792" errors="0" timestamp="2023-11-29T16:00:45 COT" skipped="0">
  <testcase classname="challenge3.PaginaPIMTest" name="testBuscarUsuario" time="1.889"/>
  <testcase classname="challenge3.PaginaPIMTest" name="testEditarUsuario" time="5.731"/>
  <testcase classname="challenge3.PaginaPIMTest" name="testCrearUsuario" time="4.304"/>
  <testcase classname="challenge3.PaginaPIMTest" name="testEliminarUsuario" time="1.868"/>
</testsuite> <!-- challenge3.PaginaPIMTest -->
