<?xml version="1.0" encoding="UTF-8"?>
<!-- Generated by org.testng.reporters.JUnitReportReporter -->
<testsuite hostname="LCO-2ZKW4M3" failures="0" tests="4" name="challenge3.PaginaAdminTest" time="14.441" errors="0" timestamp="2023-11-29T15:58:37 COT" skipped="0">
  <testcase classname="challenge3.PaginaAdminTest" name="testCrearUsuario" time="4.338"/>
  <testcase classname="challenge3.PaginaAdminTest" name="testEliminarUsuario" time="1.489"/>
  <testcase classname="challenge3.PaginaAdminTest" name="testEditarUsuario" time="5.850"/>
  <testcase classname="challenge3.PaginaAdminTest" name="testBuscarUsuario" time="2.764"/>
</testsuite> <!-- challenge3.PaginaAdminTest -->
